
> theme-vdoing-blog@1.0.0 dev
> vuepress dev docs --temp .temp

wait Extracting site metadata...
tip add sidebar data. 成功生成侧边栏数据。
tip Apply theme vuepress-theme-vdoing ...
tip Apply plugin container (i.e. "vuepress-plugin-container") ...
tip Apply plugin @vuepress/register-components (i.e. "@vuepress/plugin-register-components") ...
tip Apply plugin @vuepress/active-header-links (i.e. "@vuepress/plugin-active-header-links") ...
tip Apply plugin @vuepress/search (i.e. "@vuepress/plugin-search") ...
tip Apply plugin @vuepress/nprogress (i.e. "@vuepress/plugin-nprogress") ...
tip Apply plugin vuepress-plugin-LoveMyPlugin ...
tip Apply plugin go-top (i.e. "vuepress-plugin-go-top") ...
tip Apply plugin comment-plus (i.e. "vuepress-plugin-comment-plus") ...
tip Apply plugin thirdparty-search (i.e. "vuepress-plugin-thirdparty-search") ...
tip Apply plugin fulltext-search (i.e. "vuepress-plugin-fulltext-search") ...
tip Apply plugin one-click-copy (i.e. "vuepress-plugin-one-click-copy") ...
tip Apply plugin demo-block (i.e. "vuepress-plugin-demo-block") ...
tip Apply plugin zooming (i.e. "vuepress-plugin-zooming") ...
tip Apply plugin @vuepress/last-updated (i.e. "@vuepress/plugin-last-updated") ...
tip Apply plugin custom-plugins ...
tip Apply plugin meting (i.e. "vuepress-plugin-meting") ...
Language does not exist: jsp
Language does not exist: jsp
Language does not exist: jsp
Language does not exist: jsp
Language does not exist: jsp
Language does not exist: jsp
Language does not exist: jsp
Language does not exist: jsp
Language does not exist: jsp
Language does not exist: jsp
Language does not exist: jsp
Language does not exist: jsp
Language does not exist: c++
Language does not exist: c++
Language does not exist: msyql
Language does not exist: josn
Language does not exist: jsp
i Compiling Client
[34mi[39m [90m｢wds｣[39m: Project is running at http://0.0.0.0:8081/
[34mi[39m [90m｢wds｣[39m: webpack output is served from /my-notes/
[34mi[39m [90m｢wds｣[39m: Content not from webpack is served from D:\Project\mine\my-notes\docs\.vuepress\public
[34mi[39m [90m｢wds｣[39m: 404s will fallback to /index.html
Browserslist: caniuse-lite is outdated. Please run:
  npx browserslist@latest --update-db
  Why you should do it regularly: https://github.com/browserslist/browserslist#browsers-data-updating
[BABEL] Note: The code generator has deoptimised the styling of D:\Project\mine\my-notes\.temp\internal\siteData.js as it exceeds the max of 500KB.
√ Client: Compiled successfully in 18.33s
csuccess [15:43:11] Build 99796c finished in 18335 ms! 
> VuePress dev server listening at http://localhost:8081/my-notes/
ci Compiling Client
√ Client: Compiled successfully in 1.26s
csuccess [15:50:42] Build ae2d4a finished in 1265 ms! ( http://localhost:8081/my-notes/ )
ci Compiling Client
Reload due to frontmatter 01.Java\02.Java-基础\00.Java基础学习.md
tip write frontmatter(写入frontmatter)：D:\Project\mine\my-notes\docs\01.Java\02.Java-基础\00.Java基础学习.md 
tip Apply theme vuepress-theme-vdoing ...
tip Apply plugin container (i.e. "vuepress-plugin-container") ...
tip Apply plugin @vuepress/register-components (i.e. "@vuepress/plugin-register-components") ...
tip Apply plugin @vuepress/active-header-links (i.e. "@vuepress/plugin-active-header-links") ...
tip Apply plugin @vuepress/search (i.e. "@vuepress/plugin-search") ...
tip Apply plugin @vuepress/nprogress (i.e. "@vuepress/plugin-nprogress") ...
tip Apply plugin vuepress-plugin-LoveMyPlugin ...
tip Apply plugin go-top (i.e. "vuepress-plugin-go-top") ...
tip Apply plugin comment-plus (i.e. "vuepress-plugin-comment-plus") ...
tip Apply plugin thirdparty-search (i.e. "vuepress-plugin-thirdparty-search") ...
tip Apply plugin fulltext-search (i.e. "vuepress-plugin-fulltext-search") ...
tip Apply plugin one-click-copy (i.e. "vuepress-plugin-one-click-copy") ...
tip Apply plugin demo-block (i.e. "vuepress-plugin-demo-block") ...
tip Apply plugin zooming (i.e. "vuepress-plugin-zooming") ...
tip Apply plugin @vuepress/last-updated (i.e. "@vuepress/plugin-last-updated") ...
tip Apply plugin custom-plugins ...
tip Apply plugin meting (i.e. "vuepress-plugin-meting") ...
√ Client: Compiled successfully in 575.34ms
csuccess [15:50:48] Build 1079bb finished in 576 ms! ( http://localhost:8081/my-notes/ )
ci Compiling Client
Language does not exist: jsp
Language does not exist: jsp
Language does not exist: jsp
Language does not exist: jsp
Language does not exist: jsp
Language does not exist: jsp
Language does not exist: jsp
Language does not exist: jsp
Language does not exist: jsp
Language does not exist: jsp
Language does not exist: jsp
Language does not exist: jsp
Language does not exist: c++
Language does not exist: c++
Language does not exist: msyql
Language does not exist: josn
Language does not exist: jsp
Reload due to frontmatter 01.Java\02.Java-基础\00.Java基础学习.md
warning bad indentation of a sequence entry at line 9, column 9:
        tags: 
            ^
tip Apply theme vuepress-theme-vdoing ...
tip Apply plugin container (i.e. "vuepress-plugin-container") ...
tip Apply plugin @vuepress/register-components (i.e. "@vuepress/plugin-register-components") ...
tip Apply plugin vuepress-plugin-LoveMyPlugin ...
tip Apply plugin go-top (i.e. "vuepress-plugin-go-top") ...
tip Apply plugin comment-plus (i.e. "vuepress-plugin-comment-plus") ...
tip Apply plugin thirdparty-search (i.e. "vuepress-plugin-thirdparty-search") ...
tip Apply plugin fulltext-search (i.e. "vuepress-plugin-fulltext-search") ...
tip Apply plugin one-click-copy (i.e. "vuepress-plugin-one-click-copy") ...
tip Apply plugin demo-block (i.e. "vuepress-plugin-demo-block") ...
tip Apply plugin zooming (i.e. "vuepress-plugin-zooming") ...
tip Apply plugin @vuepress/last-updated (i.e. "@vuepress/plugin-last-updated") ...
tip Apply plugin custom-plugins ...
tip Apply plugin meting (i.e. "vuepress-plugin-meting") ...
√ Client: Compiled successfully in 12.64s
csuccess [15:51:01] Build 5d8746 finished in 12645 ms! ( http://localhost:8081/my-notes/ )
c(node:35108) UnhandledPromiseRejectionWarning: YAMLException: bad indentation of a sequence entry at line 9, column 9:
        tags: 
            ^
    at generateError (D:\Project\mine\my-notes\node_modules\_js-yaml@3.14.1@js-yaml\lib\js-yaml\loader.js:167:10)
    at throwError (D:\Project\mine\my-notes\node_modules\_js-yaml@3.14.1@js-yaml\lib\js-yaml\loader.js:173:9)
    at readBlockSequence (D:\Project\mine\my-notes\node_modules\_js-yaml@3.14.1@js-yaml\lib\js-yaml\loader.js:962:7)
    at composeNode (D:\Project\mine\my-notes\node_modules\_js-yaml@3.14.1@js-yaml\lib\js-yaml\loader.js:1358:12)
    at readBlockMapping (D:\Project\mine\my-notes\node_modules\_js-yaml@3.14.1@js-yaml\lib\js-yaml\loader.js:1089:11)
    at composeNode (D:\Project\mine\my-notes\node_modules\_js-yaml@3.14.1@js-yaml\lib\js-yaml\loader.js:1359:12)
    at readDocument (D:\Project\mine\my-notes\node_modules\_js-yaml@3.14.1@js-yaml\lib\js-yaml\loader.js:1525:3)
    at loadDocuments (D:\Project\mine\my-notes\node_modules\_js-yaml@3.14.1@js-yaml\lib\js-yaml\loader.js:1588:5)
    at load (D:\Project\mine\my-notes\node_modules\_js-yaml@3.14.1@js-yaml\lib\js-yaml\loader.js:1614:19)
    at Object.safeLoad (D:\Project\mine\my-notes\node_modules\_js-yaml@3.14.1@js-yaml\lib\js-yaml\loader.js:1637:10)
    at module.exports (D:\Project\mine\my-notes\node_modules\_gray-matter@4.0.3@gray-matter\lib\parse.js:12:17)
    at parseMatter (D:\Project\mine\my-notes\node_modules\_gray-matter@4.0.3@gray-matter\index.js:109:17)
    at matter (D:\Project\mine\my-notes\node_modules\_gray-matter@4.0.3@gray-matter\index.js:50:10)
    at parseFrontmatter (D:\Project\mine\my-notes\node_modules\_@vuepress_shared-utils@1.9.7@@vuepress\shared-utils\lib\parseFrontmatter.js:8:38)
    at Page.process (D:\Project\mine\my-notes\node_modules\_@vuepress_core@1.9.7@@vuepress\core\lib\node\Page.js:106:44)
    at async App.addPage (D:\Project\mine\my-notes\node_modules\_@vuepress_core@1.9.7@@vuepress\core\lib\node\App.js:354:5)
(node:35108) UnhandledPromiseRejectionWarning: Unhandled promise rejection. This error originated either by throwing inside of an async function without a catch block, or by rejecting a promise which was not handled with .catch(). To terminate the node process on unhandled promise rejection, use the CLI flag `--unhandled-rejections=strict` (see https://nodejs.org/api/cli.html#cli_unhandled_rejections_mode). (rejection id: 2)
(node:35108) [DEP0018] DeprecationWarning: Unhandled promise rejections are deprecated. In the future, promise rejections that are not handled will terminate the Node.js process with a non-zero exit code.
Language does not exist: jsp
Language does not exist: jsp
Language does not exist: jsp
Language does not exist: jsp
Language does not exist: jsp
Language does not exist: jsp
Language does not exist: jsp
Language does not exist: jsp
Language does not exist: jsp
Language does not exist: jsp
Language does not exist: jsp
Language does not exist: jsp
Language does not exist: c++
Language does not exist: c++
Language does not exist: msyql
Language does not exist: josn
Language does not exist: jsp
i Compiling Client
√ Client: Compiled successfully in 6.47s
csuccess [15:51:19] Build 4f7f64 finished in 6476 ms! ( http://localhost:8081/my-notes/ )
ci Compiling Client
√ Client: Compiled successfully in 157.13ms
csuccess [15:51:19] Build a5f8d8 finished in 157 ms! ( http://localhost:8081/my-notes/ )
Reload due to add 04.框架\04.SpringMvc\01.SpringMVC1.md
tip Apply theme vuepress-theme-vdoing ...
tip Apply plugin container (i.e. "vuepress-plugin-container") ...
tip Apply plugin @vuepress/register-components (i.e. "@vuepress/plugin-register-components") ...
tip Apply plugin @vuepress/active-header-links (i.e. "@vuepress/plugin-active-header-links") ...
tip Apply plugin @vuepress/search (i.e. "@vuepress/plugin-search") ...
tip Apply plugin @vuepress/nprogress (i.e. "@vuepress/plugin-nprogress") ...
tip Apply plugin vuepress-plugin-LoveMyPlugin ...
tip Apply plugin go-top (i.e. "vuepress-plugin-go-top") ...
tip Apply plugin comment-plus (i.e. "vuepress-plugin-comment-plus") ...
tip Apply plugin thirdparty-search (i.e. "vuepress-plugin-thirdparty-search") ...
tip Apply plugin fulltext-search (i.e. "vuepress-plugin-fulltext-search") ...
tip Apply plugin one-click-copy (i.e. "vuepress-plugin-one-click-copy") ...
tip Apply plugin demo-block (i.e. "vuepress-plugin-demo-block") ...
tip Apply plugin zooming (i.e. "vuepress-plugin-zooming") ...
tip Apply plugin @vuepress/last-updated (i.e. "@vuepress/plugin-last-updated") ...
tip Apply plugin custom-plugins ...
tip Apply plugin meting (i.e. "vuepress-plugin-meting") ...
Language does not exist: jsp
Language does not exist: jsp
Language does not exist: jsp
Language does not exist: jsp
Language does not exist: jsp
Language does not exist: jsp
Language does not exist: jsp
Language does not exist: jsp
Language does not exist: jsp
Language does not exist: jsp
Language does not exist: jsp
Language does not exist: jsp
Language does not exist: c++
Language does not exist: c++
Language does not exist: msyql
Language does not exist: josn
Language does not exist: jsp
cReload due to add 04.框架\04.SpringMvc\02.SpringMVC2.md
tip Apply theme vuepress-theme-vdoing ...
tip Apply plugin container (i.e. "vuepress-plugin-container") ...
tip Apply plugin @vuepress/register-components (i.e. "@vuepress/plugin-register-components") ...
tip Apply plugin @vuepress/active-header-links (i.e. "@vuepress/plugin-active-header-links") ...
tip Apply plugin @vuepress/search (i.e. "@vuepress/plugin-search") ...
tip Apply plugin @vuepress/nprogress (i.e. "@vuepress/plugin-nprogress") ...
tip Apply plugin vuepress-plugin-LoveMyPlugin ...
tip Apply plugin go-top (i.e. "vuepress-plugin-go-top") ...
tip Apply plugin comment-plus (i.e. "vuepress-plugin-comment-plus") ...
tip Apply plugin thirdparty-search (i.e. "vuepress-plugin-thirdparty-search") ...
tip Apply plugin fulltext-search (i.e. "vuepress-plugin-fulltext-search") ...
tip Apply plugin one-click-copy (i.e. "vuepress-plugin-one-click-copy") ...
tip Apply plugin demo-block (i.e. "vuepress-plugin-demo-block") ...
tip Apply plugin zooming (i.e. "vuepress-plugin-zooming") ...
tip Apply plugin @vuepress/last-updated (i.e. "@vuepress/plugin-last-updated") ...
tip Apply plugin custom-plugins ...
tip Apply plugin meting (i.e. "vuepress-plugin-meting") ...
Language does not exist: jsp
Language does not exist: jsp
Language does not exist: jsp
Language does not exist: jsp
Language does not exist: jsp
Language does not exist: jsp
Language does not exist: jsp
Language does not exist: jsp
Language does not exist: jsp
Language does not exist: jsp
Language does not exist: jsp
Language does not exist: jsp
Language does not exist: c++
Language does not exist: c++
Language does not exist: msyql
i Compiling Client
Language does not exist: josn
Language does not exist: jsp
Language does not exist: jsp
Language does not exist: jsp
Language does not exist: jsp
Language does not exist: jsp
Language does not exist: jsp
Language does not exist: jsp
Language does not exist: jsp
Language does not exist: jsp
Language does not exist: jsp
Language does not exist: jsp
Language does not exist: jsp
Language does not exist: jsp
Language does not exist: c++
Language does not exist: c++
√ Client: Compiled with some errors in 58.89s
csuccess [16:17:11] Build e8684e finished in 58894 ms! ( http://localhost:8081/my-notes/ )
ci Compiling Client
[BABEL] Note: The code generator has deoptimised the styling of D:\Project\mine\my-notes\.temp\internal\siteData.js as it exceeds the max of 500KB.
√ Client: Compiled with some errors in 7.24s
csuccess [16:17:18] Build 7b4b6c finished in 7239 ms! ( http://localhost:8081/my-notes/ )
ci Compiling Client
√ Client: Compiled with some errors in 536.91ms
csuccess [16:17:19] Build 2b0bf8 finished in 538 ms! ( http://localhost:8081/my-notes/ )
ci Compiling Client
Reload due to frontmatter 04.框架\20.RabbitMQ\21.消息队列基础.md
tip Apply theme vuepress-theme-vdoing ...
tip Apply plugin container (i.e. "vuepress-plugin-container") ...
tip Apply plugin @vuepress/register-components (i.e. "@vuepress/plugin-register-components") ...
tip Apply plugin @vuepress/active-header-links (i.e. "@vuepress/plugin-active-header-links") ...
tip Apply plugin @vuepress/search (i.e. "@vuepress/plugin-search") ...
tip Apply plugin @vuepress/nprogress (i.e. "@vuepress/plugin-nprogress") ...
tip Apply plugin vuepress-plugin-LoveMyPlugin ...
tip Apply plugin go-top (i.e. "vuepress-plugin-go-top") ...
tip Apply plugin comment-plus (i.e. "vuepress-plugin-comment-plus") ...
tip Apply plugin thirdparty-search (i.e. "vuepress-plugin-thirdparty-search") ...
tip Apply plugin fulltext-search (i.e. "vuepress-plugin-fulltext-search") ...
tip Apply plugin one-click-copy (i.e. "vuepress-plugin-one-click-copy") ...
tip Apply plugin demo-block (i.e. "vuepress-plugin-demo-block") ...
tip Apply plugin zooming (i.e. "vuepress-plugin-zooming") ...
tip Apply plugin @vuepress/last-updated (i.e. "@vuepress/plugin-last-updated") ...
tip Apply plugin custom-plugins ...
tip Apply plugin meting (i.e. "vuepress-plugin-meting") ...
√ Client: Compiled with some errors in 714.25ms
csuccess [16:17:25] Build 97a4cf finished in 715 ms! ( http://localhost:8081/my-notes/ )
Language does not exist: jsp
Language does not exist: jsp
Language does not exist: jsp
Language does not exist: jsp
Language does not exist: jsp
Language does not exist: jsp
Language does not exist: jsp
Language does not exist: jsp
Language does not exist: jsp
Language does not exist: jsp
Language does not exist: jsp
Language does not exist: jsp
Language does not exist: c++
Language does not exist: c++
Language does not exist: msyql
Language does not exist: josn
Language does not exist: jsp
ci Compiling Client
[BABEL] Note: The code generator has deoptimised the styling of D:\Project\mine\my-notes\.temp\internal\siteData.js as it exceeds the max of 500KB.
√ Client: Compiled with some errors in 6.71s
csuccess [16:17:44] Build cf223f finished in 6713 ms! ( http://localhost:8081/my-notes/ )
ci Compiling Client
Reload due to frontmatter 04.框架\20.RabbitMQ\22.消息丢失.md
tip Apply theme vuepress-theme-vdoing ...
tip Apply plugin container (i.e. "vuepress-plugin-container") ...
tip Apply plugin @vuepress/register-components (i.e. "@vuepress/plugin-register-components") ...
tip Apply plugin @vuepress/active-header-links (i.e. "@vuepress/plugin-active-header-links") ...
tip Apply plugin @vuepress/search (i.e. "@vuepress/plugin-search") ...
tip Apply plugin @vuepress/nprogress (i.e. "@vuepress/plugin-nprogress") ...
tip Apply plugin vuepress-plugin-LoveMyPlugin ...
tip Apply plugin go-top (i.e. "vuepress-plugin-go-top") ...
tip Apply plugin comment-plus (i.e. "vuepress-plugin-comment-plus") ...
tip Apply plugin thirdparty-search (i.e. "vuepress-plugin-thirdparty-search") ...
tip Apply plugin fulltext-search (i.e. "vuepress-plugin-fulltext-search") ...
tip Apply plugin one-click-copy (i.e. "vuepress-plugin-one-click-copy") ...
tip Apply plugin demo-block (i.e. "vuepress-plugin-demo-block") ...
tip Apply plugin zooming (i.e. "vuepress-plugin-zooming") ...
tip Apply plugin @vuepress/last-updated (i.e. "@vuepress/plugin-last-updated") ...
tip Apply plugin custom-plugins ...
tip Apply plugin meting (i.e. "vuepress-plugin-meting") ...
√ Client: Compiled with some errors in 559.77ms
csuccess [16:17:45] Build 8cae4d finished in 561 ms! ( http://localhost:8081/my-notes/ )
Language does not exist: jsp
Language does not exist: jsp
Language does not exist: jsp
Language does not exist: jsp
Language does not exist: jsp
Language does not exist: jsp
Language does not exist: jsp
Language does not exist: jsp
Language does not exist: jsp
Language does not exist: jsp
Language does not exist: jsp
Language does not exist: jsp
Language does not exist: c++
Language does not exist: c++
Language does not exist: msyql
Language does not exist: josn
Language does not exist: jsp
ci Compiling Client
[BABEL] Note: The code generator has deoptimised the styling of D:\Project\mine\my-notes\.temp\internal\siteData.js as it exceeds the max of 500KB.
√ Client: Compiled with some errors in 6.26s
csuccess [16:18:04] Build 9d455b finished in 6256 ms! ( http://localhost:8081/my-notes/ )
ci Compiling Client
√ Client: Compiled with some errors in 550.35ms
csuccess [16:18:08] Build cdd5f4 finished in 551 ms! ( http://localhost:8081/my-notes/ )
ci Compiling Client
√ Client: Compiled with some errors in 487.64ms
csuccess [16:18:10] Build 81778b finished in 488 ms! ( http://localhost:8081/my-notes/ )
ci Compiling Client
Reload due to frontmatter 04.框架\20.RabbitMQ\23.重复消费.md
tip Apply theme vuepress-theme-vdoing ...
tip Apply plugin container (i.e. "vuepress-plugin-container") ...
tip Apply plugin @vuepress/register-components (i.e. "@vuepress/plugin-register-components") ...
tip Apply plugin @vuepress/active-header-links (i.e. "@vuepress/plugin-active-header-links") ...
tip Apply plugin @vuepress/search (i.e. "@vuepress/plugin-search") ...
tip Apply plugin @vuepress/nprogress (i.e. "@vuepress/plugin-nprogress") ...
tip Apply plugin vuepress-plugin-LoveMyPlugin ...
tip Apply plugin go-top (i.e. "vuepress-plugin-go-top") ...
tip Apply plugin comment-plus (i.e. "vuepress-plugin-comment-plus") ...
tip Apply plugin thirdparty-search (i.e. "vuepress-plugin-thirdparty-search") ...
tip Apply plugin fulltext-search (i.e. "vuepress-plugin-fulltext-search") ...
tip Apply plugin one-click-copy (i.e. "vuepress-plugin-one-click-copy") ...
tip Apply plugin demo-block (i.e. "vuepress-plugin-demo-block") ...
tip Apply plugin zooming (i.e. "vuepress-plugin-zooming") ...
tip Apply plugin @vuepress/last-updated (i.e. "@vuepress/plugin-last-updated") ...
tip Apply plugin custom-plugins ...
tip Apply plugin meting (i.e. "vuepress-plugin-meting") ...
√ Client: Compiled with some errors in 626.20ms
csuccess [16:18:12] Build 7a324e finished in 627 ms! ( http://localhost:8081/my-notes/ )
Language does not exist: jsp
Language does not exist: jsp
Language does not exist: jsp
Language does not exist: jsp
Language does not exist: jsp
Language does not exist: jsp
Language does not exist: jsp
Language does not exist: jsp
Language does not exist: jsp
Language does not exist: jsp
Language does not exist: jsp
Language does not exist: jsp
Language does not exist: c++
Language does not exist: c++
Language does not exist: msyql
Language does not exist: josn
Language does not exist: jsp
ci Compiling Client
[BABEL] Note: The code generator has deoptimised the styling of D:\Project\mine\my-notes\.temp\internal\siteData.js as it exceeds the max of 500KB.
√ Client: Compiled with some errors in 6.21s
csuccess [16:18:31] Build d02654 finished in 6206 ms! ( http://localhost:8081/my-notes/ )
ci Compiling Client
√ Client: Compiled with some errors in 255.50ms
csuccess [16:18:36] Build 2a0b3e finished in 256 ms! ( http://localhost:8081/my-notes/ )
ci Compiling Client
Reload due to frontmatter 04.框架\20.RabbitMQ\24.顺序消费.md
tip Apply theme vuepress-theme-vdoing ...
tip Apply plugin container (i.e. "vuepress-plugin-container") ...
tip Apply plugin @vuepress/register-components (i.e. "@vuepress/plugin-register-components") ...
tip Apply plugin @vuepress/active-header-links (i.e. "@vuepress/plugin-active-header-links") ...
tip Apply plugin @vuepress/search (i.e. "@vuepress/plugin-search") ...
tip Apply plugin @vuepress/nprogress (i.e. "@vuepress/plugin-nprogress") ...
tip Apply plugin vuepress-plugin-LoveMyPlugin ...
tip Apply plugin go-top (i.e. "vuepress-plugin-go-top") ...
tip Apply plugin comment-plus (i.e. "vuepress-plugin-comment-plus") ...
tip Apply plugin thirdparty-search (i.e. "vuepress-plugin-thirdparty-search") ...
tip Apply plugin fulltext-search (i.e. "vuepress-plugin-fulltext-search") ...
tip Apply plugin one-click-copy (i.e. "vuepress-plugin-one-click-copy") ...
tip Apply plugin demo-block (i.e. "vuepress-plugin-demo-block") ...
tip Apply plugin zooming (i.e. "vuepress-plugin-zooming") ...
tip Apply plugin @vuepress/last-updated (i.e. "@vuepress/plugin-last-updated") ...
tip Apply plugin custom-plugins ...
tip Apply plugin meting (i.e. "vuepress-plugin-meting") ...
√ Client: Compiled with some errors in 452.73ms
csuccess [16:18:39] Build 194ebb finished in 453 ms! ( http://localhost:8081/my-notes/ )
Language does not exist: jsp
Language does not exist: jsp
Language does not exist: jsp
Language does not exist: jsp
Language does not exist: jsp
Language does not exist: jsp
Language does not exist: jsp
Language does not exist: jsp
Language does not exist: jsp
Language does not exist: jsp
Language does not exist: jsp
Language does not exist: jsp
Language does not exist: c++
Language does not exist: c++
Language does not exist: msyql
Language does not exist: josn
Language does not exist: jsp
ci Compiling Client
Reload due to frontmatter 04.框架\20.RabbitMQ\22.消息丢失.md
tip Apply theme vuepress-theme-vdoing ...
tip Apply plugin container (i.e. "vuepress-plugin-container") ...
tip Apply plugin @vuepress/register-components (i.e. "@vuepress/plugin-register-components") ...
tip Apply plugin @vuepress/active-header-links (i.e. "@vuepress/plugin-active-header-links") ...
tip Apply plugin @vuepress/search (i.e. "@vuepress/plugin-search") ...
tip Apply plugin @vuepress/nprogress (i.e. "@vuepress/plugin-nprogress") ...
tip Apply plugin vuepress-plugin-LoveMyPlugin ...
tip Apply plugin go-top (i.e. "vuepress-plugin-go-top") ...
tip Apply plugin comment-plus (i.e. "vuepress-plugin-comment-plus") ...
tip Apply plugin thirdparty-search (i.e. "vuepress-plugin-thirdparty-search") ...
tip Apply plugin fulltext-search (i.e. "vuepress-plugin-fulltext-search") ...
tip Apply plugin one-click-copy (i.e. "vuepress-plugin-one-click-copy") ...
tip Apply plugin demo-block (i.e. "vuepress-plugin-demo-block") ...
tip Apply plugin zooming (i.e. "vuepress-plugin-zooming") ...
tip Apply plugin @vuepress/last-updated (i.e. "@vuepress/plugin-last-updated") ...
tip Apply plugin custom-plugins ...
tip Apply plugin meting (i.e. "vuepress-plugin-meting") ...
Reload due to frontmatter 04.框架\20.RabbitMQ\23.重复消费.md
tip Apply theme vuepress-theme-vdoing ...
tip Apply plugin container (i.e. "vuepress-plugin-container") ...
tip Apply plugin @vuepress/register-components (i.e. "@vuepress/plugin-register-components") ...
tip Apply plugin @vuepress/active-header-links (i.e. "@vuepress/plugin-active-header-links") ...
tip Apply plugin @vuepress/search (i.e. "@vuepress/plugin-search") ...
tip Apply plugin @vuepress/nprogress (i.e. "@vuepress/plugin-nprogress") ...
tip Apply plugin vuepress-plugin-LoveMyPlugin ...
tip Apply plugin go-top (i.e. "vuepress-plugin-go-top") ...
tip Apply plugin comment-plus (i.e. "vuepress-plugin-comment-plus") ...
tip Apply plugin thirdparty-search (i.e. "vuepress-plugin-thirdparty-search") ...
tip Apply plugin fulltext-search (i.e. "vuepress-plugin-fulltext-search") ...
tip Apply plugin one-click-copy (i.e. "vuepress-plugin-one-click-copy") ...
tip Apply plugin demo-block (i.e. "vuepress-plugin-demo-block") ...
tip Apply plugin zooming (i.e. "vuepress-plugin-zooming") ...
tip Apply plugin @vuepress/last-updated (i.e. "@vuepress/plugin-last-updated") ...
tip Apply plugin custom-plugins ...
tip Apply plugin meting (i.e. "vuepress-plugin-meting") ...
Reload due to frontmatter 04.框架\20.RabbitMQ\21.消息队列基础.md
tip Apply theme vuepress-theme-vdoing ...
tip Apply plugin container (i.e. "vuepress-plugin-container") ...
tip Apply plugin @vuepress/register-components (i.e. "@vuepress/plugin-register-components") ...
tip Apply plugin @vuepress/active-header-links (i.e. "@vuepress/plugin-active-header-links") ...
tip Apply plugin @vuepress/search (i.e. "@vuepress/plugin-search") ...
tip Apply plugin @vuepress/nprogress (i.e. "@vuepress/plugin-nprogress") ...
tip Apply plugin vuepress-plugin-LoveMyPlugin ...
tip Apply plugin go-top (i.e. "vuepress-plugin-go-top") ...
tip Apply plugin comment-plus (i.e. "vuepress-plugin-comment-plus") ...
tip Apply plugin thirdparty-search (i.e. "vuepress-plugin-thirdparty-search") ...
tip Apply plugin fulltext-search (i.e. "vuepress-plugin-fulltext-search") ...
tip Apply plugin one-click-copy (i.e. "vuepress-plugin-one-click-copy") ...
tip Apply plugin demo-block (i.e. "vuepress-plugin-demo-block") ...
tip Apply plugin zooming (i.e. "vuepress-plugin-zooming") ...
tip Apply plugin @vuepress/last-updated (i.e. "@vuepress/plugin-last-updated") ...
tip Apply plugin custom-plugins ...
tip Apply plugin meting (i.e. "vuepress-plugin-meting") ...
[BABEL] Note: The code generator has deoptimised the styling of D:\Project\mine\my-notes\.temp\internal\siteData.js as it exceeds the max of 500KB.
√ Client: Compiled with some errors in 7.02s
csuccess [16:18:59] Build d9a086 finished in 7022 ms! ( http://localhost:8081/my-notes/ )
Language does not exist: jsp
Language does not exist: jsp
Language does not exist: jsp
Language does not exist: jsp
Language does not exist: jsp
Language does not exist: jsp
Language does not exist: jsp
Language does not exist: jsp
Language does not exist: jsp
Language does not exist: jsp
Language does not exist: jsp
Language does not exist: jsp
Language does not exist: c++
Language does not exist: c++
Language does not exist: msyql
Language does not exist: josn
Language does not exist: jsp
warning Override existing page /java/.
warning Override existing page /about/.
warning Override existing page /java/se/base/.
warning Override existing page /java/se/base/1/.
warning Override existing page /java/se/base/2/.
warning Override existing page /java/se/base/4/.
warning Override existing page /java/se/base/3/.
warning Override existing page /java/se/base/5/.
warning Override existing page /java/se/base/6/.
warning Override existing page /java/se/base/7/.
warning Override existing page /java/se/base/8/.
warning Override existing page /java/se/base/10/.
warning Override existing page /java/se/base/11/.
warning Override existing page /java/se/base/9/.
warning Override existing page /java/se/base/13/.
warning Override existing page /java/se/base/12/.
warning Override existing page /java/se/thread/.
warning Override existing page /java/se/thread/2/.
warning Override existing page /java/se/thread/1/.
warning Override existing page /java/se/thread/3/.
warning Override existing page /java/se/thread/4/.
warning Override existing page /java/se/thread/5/.
warning Override existing page /java/se/thread/6/.
warning Override existing page /java/se/thread/7/.
warning Override existing page /java/se/thread/8/.
warning Override existing page /java/se/java8/.
warning Override existing page /javaweb/.
warning Override existing page /pages/311057/.
warning Override existing page /pages/4545ab/.
warning Override existing page /pages/d99179/.
Language does not exist: jsp
Language does not exist: jsp
warning Override existing page /pages/2bd4a8/.
warning Override existing page /pages/a720d1/.
warning Override existing page /pages/0ddd16/.
Language does not exist: jsp
Language does not exist: jsp
Language does not exist: jsp
Language does not exist: jsp
Language does not exist: jsp
Language does not exist: jsp
Language does not exist: jsp
Language does not exist: jsp
Language does not exist: jsp
Language does not exist: jsp
warning Override existing page /pages/c73881/.
warning Override existing page /JVM/.
warning Override existing page /JVM/ClassLoader/.
warning Override existing page /JVM/runtimeArea/.
warning Override existing page /JVM/PCRegister/.
warning Override existing page /JVM/VM-Stack/.
warning Override existing page /JVM/nativeMethodInterface/.
warning Override existing page /JVM/nativeMethodStack/.
warning Override existing page /JVM/heap/.
warning Override existing page /JVM/methodArea/.
warning Override existing page /JVM/objectInstantiation/.
warning Override existing page /JVM/directMemory/.
warning Override existing page /JVM/StringTable/.
warning Override existing page /JVM/executionEngine/.
Language does not exist: c++
Language does not exist: c++
warning Override existing page /JVM/GCOverview/.
warning Override existing page /JVM/GCAlgorithm/.
warning Override existing page /JVM/garbageCollector/.
warning Override existing page /JVM/GCConcept/.
warning Override existing page /mysql/.
warning Override existing page /mysql/logic/.
warning Override existing page /mysql/index/.
warning Override existing page /mysql/optimize-sql-check/.
Language does not exist: msyql
warning Override existing page /mysql/sql-optimize/.
warning Override existing page /mysql/cache-query/.
warning Override existing page /mysql/index-use/.
warning Override existing page /mysql/memory-management/.
warning Override existing page /mysql/concurrent-parameter/.
warning Override existing page /mysql/lock-question/.
warning Override existing page /mysql/common-use-sql-skill/.
warning Override existing page /mysql/common-tools/.
warning Override existing page /mysql/log/.
warning Override existing page /redis/.
warning Override existing page /mysql/copy/.
warning Override existing page /redis/1/.
warning Override existing page /redis/7/.
warning Override existing page /redis/2/.
warning Override existing page /redis/3/.
warning Override existing page /redis/4/.
warning Override existing page /redis/5/.
warning Override existing page /redis/6/.
warning Override existing page /redis/persistence/.
warning Override existing page /redis/masterSlave/.
warning Override existing page /redis/sentinel/.
warning Override existing page /Redis/transaction/.
warning Override existing page /Redis/ttl-disuse-Strategy/.
warning Override existing page /Redis/cacheConsistency/.
warning Override existing page /es/.
warning Override existing page /Redis/distributedLock/.
warning Override existing page /es/introduce/.
warning Override existing page /es/install/.
warning Override existing page /es/query/.
Language does not exist: josn
warning Override existing page /es/index-doc/.
warning Override existing page /pages/25b817/.
warning Override existing page /pages/18ae22/.
warning Override existing page /mybatis/study-note/.
warning Override existing page /pages/d2ca46/.
warning Override existing page /mybatis-plus/study-note/.
warning Override existing page /Spring/study-note/.
warning Override existing page /SpringMvc/study-note/1/.
warning Override existing page /SpringMvc/study-note/2/.
warning Override existing page /rabbitmq/.
warning Override existing page /pages/e38dcb/.
warning Override existing page /pages/2c91a1/.
warning Override existing page /pages/f015b1/.
warning Override existing page /pages/95ce73/.
warning Override existing page /pages/ef9b33/.
warning Override existing page /pages/c9c254/.
warning Override existing page /pages/1477b8/.
warning Override existing page /pages/0a0086/.
warning Override existing page /pages/c94906/.
warning Override existing page /pages/283666/.
warning Override existing page /pages/ee71b9/.
warning Override existing page /pages/cc4a02/.
warning Override existing page /pages/7f63a0/.
warning Override existing page /pages/a39855/.
warning Override existing page /pages/ab1512/.
warning Override existing page /dubbo/.
warning Override existing page /pages/ef4a11/.
warning Override existing page /pages/2c0469/.
warning Override existing page /pages/e32d6f/.
warning Override existing page /pages/c74a53/.
warning Override existing page /pages/f6c0c6/.
warning Override existing page /pages/a6c257/.
warning Override existing page /pages/f7cafd/.
warning Override existing page /SpringCloud/.
warning Override existing page /pages/0323a5/.
warning Override existing page /git/.
warning Override existing page /git/2/.
warning Override existing page /git/1/.
warning Override existing page /git/3/.
warning Override existing page /git/4/.
warning Override existing page /git/5/.
warning Override existing page /pages/ea230a/.
warning Override existing page /Linux/.
warning Override existing page /pages/a52ff4/.
warning Override existing page /pages/3fc315/.
warning Override existing page /pages/05717d/.
warning Override existing page /Docker/.
warning Override existing page /Docker/overview/.
warning Override existing page /pages/41974d/.
warning Override existing page /pages/d4e1bf/.
warning Override existing page /Docker/visualization/.
warning Override existing page /Docker/MirrorAndRepo/.
warning Override existing page /Docker/data/.
Language does not exist: jsp
warning Override existing page /Docker/DockerFile/.
warning Override existing page /Docker/netword/.
warning Override existing page /Docker/Compose/.
warning Override existing page /pages/2c8738/.
warning Override existing page /pages/59ac20/.
warning Override existing page /work/interview/.
warning Override existing page /pages/30cfd8/.
warning Override existing page /pages/893c3d/.
warning Override existing page /pages/617104/.
warning Override existing page /pages/7ba0d7/.
warning Override existing page /pages/2867b8/.
warning Override existing page /pages/3b6d7b/.
warning Override existing page /pages/399d4f/.
warning Override existing page /pages/e38f54/.
warning Override existing page /work/algorithm/.
warning Override existing page /pages/dd1eb9/.
warning Override existing page /pages/3875dc/.
warning Override existing page /pages/2cf97e/.
warning Override existing page /pages/087db1/.
warning Override existing page /pages/c4a001/.
warning Override existing page /pages/63d674/.
warning Override existing page /pages/03cd68/.
warning Override existing page /pages/a5fd77/.
warning Override existing page /dev/question/.
warning Override existing page /pages/276552/.
warning Override existing page /pages/6d07d4/.
warning Override existing page /pages/1178e3/.
warning Override existing page /pages/0963be/.
warning Override existing page /pages/017946/.
warning Override existing page /designPattern/.
warning Override existing page /pages/78e227/.
warning Override existing page /pages/3142ab/.
warning Override existing page /pages/038c37/.
warning Override existing page /categories/.
warning Override existing page /archives/.
warning Override existing page /tags/.
warning Override existing page /.
warning Override existing page /%E5%AF%BC%E8%88%AA%E7%AB%99.html.
warning Override existing page /about/.
warning Override existing page /java/se/base/1/.
warning Override existing page /java/se/base/.
warning Override existing page /java/se/base/3/.
warning Override existing page /java/se/base/2/.
warning Override existing page /java/se/base/5/.
warning Override existing page /java/se/base/4/.
warning Override existing page /java/se/base/7/.
warning Override existing page /java/se/base/6/.
warning Override existing page /java/se/base/8/.
warning Override existing page /java/se/base/9/.
warning Override existing page /java/se/base/12/.
warning Override existing page /java/se/base/10/.
warning Override existing page /java/se/base/13/.
warning Override existing page /java/se/base/11/.
warning Override existing page /java/.
warning Override existing page /java/se/thread/.
warning Override existing page /java/se/thread/1/.
warning Override existing page /java/se/thread/2/.
warning Override existing page /java/se/thread/3/.
warning Override existing page /java/se/thread/4/.
warning Override existing page /java/se/thread/5/.
warning Override existing page /java/se/thread/6/.
warning Override existing page /java/se/thread/7/.
warning Override existing page /java/se/thread/8/.
warning Override existing page /java/se/java8/.
warning Override existing page /javaweb/.
warning Override existing page /pages/d99179/.
warning Override existing page /pages/4545ab/.
warning Override existing page /pages/311057/.
Language does not exist: jsp
Language does not exist: jsp
warning Override existing page /pages/2bd4a8/.
warning Override existing page /pages/a720d1/.
warning Override existing page /JVM/.
Language does not exist: jsp
Language does not exist: jsp
Language does not exist: jsp
Language does not exist: jsp
Language does not exist: jsp
Language does not exist: jsp
Language does not exist: jsp
Language does not exist: jsp
Language does not exist: jsp
Language does not exist: jsp
warning Override existing page /pages/c73881/.
warning Override existing page /pages/0ddd16/.
warning Override existing page /JVM/PCRegister/.
warning Override existing page /JVM/runtimeArea/.
warning Override existing page /JVM/VM-Stack/.
warning Override existing page /JVM/nativeMethodStack/.
warning Override existing page /JVM/ClassLoader/.
warning Override existing page /JVM/nativeMethodInterface/.
warning Override existing page /JVM/methodArea/.
warning Override existing page /JVM/heap/.
warning Override existing page /JVM/StringTable/.
warning Override existing page /JVM/directMemory/.
Language does not exist: c++
Language does not exist: c++
warning Override existing page /JVM/GCOverview/.
warning Override existing page /JVM/executionEngine/.
warning Override existing page /JVM/GCAlgorithm/.
warning Override existing page /JVM/GCConcept/.
warning Override existing page /JVM/objectInstantiation/.
warning Override existing page /mysql/.
warning Override existing page /JVM/garbageCollector/.
warning Override existing page /mysql/logic/.
warning Override existing page /mysql/optimize-sql-check/.
warning Override existing page /mysql/index/.
Language does not exist: msyql
warning Override existing page /mysql/sql-optimize/.
warning Override existing page /mysql/index-use/.
warning Override existing page /mysql/concurrent-parameter/.
warning Override existing page /mysql/cache-query/.
warning Override existing page /mysql/memory-management/.
warning Override existing page /mysql/lock-question/.
warning Override existing page /mysql/common-tools/.
warning Override existing page /mysql/common-use-sql-skill/.
warning Override existing page /redis/.
warning Override existing page /mysql/log/.
warning Override existing page /mysql/copy/.
warning Override existing page /redis/3/.
warning Override existing page /redis/1/.
warning Override existing page /redis/2/.
warning Override existing page /redis/4/.
warning Override existing page /redis/7/.
warning Override existing page /redis/5/.
warning Override existing page /redis/6/.
warning Override existing page /redis/persistence/.
warning Override existing page /redis/masterSlave/.
warning Override existing page /redis/sentinel/.
warning Override existing page /Redis/transaction/.
warning Override existing page /Redis/ttl-disuse-Strategy/.
warning Override existing page /Redis/cacheConsistency/.
warning Override existing page /Redis/distributedLock/.
warning Override existing page /es/introduce/.
warning Override existing page /es/install/.
Language does not exist: josn
warning Override existing page /es/index-doc/.
warning Override existing page /pages/25b817/.
warning Override existing page /es/.
warning Override existing page /es/query/.
warning Override existing page /mybatis/study-note/.
warning Override existing page /pages/18ae22/.
warning Override existing page /pages/d2ca46/.
warning Override existing page /mybatis-plus/study-note/.
warning Override existing page /SpringMvc/study-note/1/.
warning Override existing page /Spring/study-note/.
warning Override existing page /pages/e38dcb/.
warning Override existing page /rabbitmq/.
warning Override existing page /pages/2c91a1/.
warning Override existing page /pages/f015b1/.
warning Override existing page /SpringMvc/study-note/2/.
warning Override existing page /pages/ef9b33/.
warning Override existing page /pages/95ce73/.
warning Override existing page /pages/c9c254/.
warning Override existing page /pages/0a0086/.
warning Override existing page /pages/c94906/.
warning Override existing page /pages/1477b8/.
warning Override existing page /pages/ee71b9/.
warning Override existing page /pages/283666/.
warning Override existing page /pages/cc4a02/.
warning Override existing page /dubbo/.
warning Override existing page /pages/2c0469/.
warning Override existing page /pages/7f63a0/.
warning Override existing page /pages/e32d6f/.
warning Override existing page /pages/ef4a11/.
warning Override existing page /pages/c74a53/.
warning Override existing page /pages/f7cafd/.
warning Override existing page /pages/a6c257/.
warning Override existing page /SpringCloud/.
warning Override existing page /git/1/.
warning Override existing page /pages/0323a5/.
warning Override existing page /pages/f6c0c6/.
warning Override existing page /pages/ab1512/.
warning Override existing page /git/2/.
warning Override existing page /git/.
warning Override existing page /git/4/.
warning Override existing page /git/3/.
warning Override existing page /Linux/.
warning Override existing page /git/5/.
warning Override existing page /pages/a52ff4/.
warning Override existing page /pages/05717d/.
warning Override existing page /Docker/.
warning Override existing page /pages/3fc315/.
warning Override existing page /pages/d4e1bf/.
warning Override existing page /Docker/visualization/.
warning Override existing page /pages/ea230a/.
warning Override existing page /Docker/MirrorAndRepo/.
warning Override existing page /Docker/overview/.
warning Override existing page /Docker/data/.
warning Override existing page /pages/41974d/.
Language does not exist: jsp
warning Override existing page /Docker/DockerFile/.
warning Override existing page /Docker/netword/.
warning Override existing page /Docker/Compose/.
warning Override existing page /work/interview/.
warning Override existing page /pages/2c8738/.
warning Override existing page /pages/59ac20/.
warning Override existing page /pages/30cfd8/.
warning Override existing page /pages/617104/.
warning Override existing page /pages/7ba0d7/.
warning Override existing page /pages/893c3d/.
warning Override existing page /pages/2867b8/.
warning Override existing page /pages/3b6d7b/.
warning Override existing page /pages/e38f54/.
warning Override existing page /work/algorithm/.
warning Override existing page /pages/399d4f/.
warning Override existing page /pages/3875dc/.
warning Override existing page /pages/087db1/.
warning Override existing page /pages/dd1eb9/.
warning Override existing page /pages/2cf97e/.
warning Override existing page /pages/c4a001/.
warning Override existing page /pages/63d674/.
warning Override existing page /dev/question/.
warning Override existing page /pages/03cd68/.
warning Override existing page /pages/a5fd77/.
warning Override existing page /pages/276552/.
warning Override existing page /pages/6d07d4/.
warning Override existing page /pages/1178e3/.
warning Override existing page /designPattern/.
warning Override existing page /pages/017946/.
warning Override existing page /pages/0963be/.
warning Override existing page /pages/038c37/.
warning Override existing page /archives/.
warning Override existing page /pages/3142ab/.
warning Override existing page /pages/78e227/.
warning Override existing page /categories/.
warning Override existing page /.
warning Override existing page /tags/.
warning Override existing page /%E5%AF%BC%E8%88%AA%E7%AB%99.html.
warning Override existing page /pages/a39855/.
ci Compiling Client
[BABEL] Note: The code generator has deoptimised the styling of D:\Project\mine\my-notes\.temp\internal\siteData.js as it exceeds the max of 500KB.
√ Client: Compiled with some errors in 10.97s
csuccess [16:19:48] Build d65a38 finished in 10973 ms! ( http://localhost:8081/my-notes/ )
ci Compiling Client
Reload due to frontmatter 04.框架\21.Dubbo\03.服务注册(provider服务暴露).md
tip Apply theme vuepress-theme-vdoing ...
tip Apply plugin container (i.e. "vuepress-plugin-container") ...
tip Apply plugin @vuepress/register-components (i.e. "@vuepress/plugin-register-components") ...
tip Apply plugin @vuepress/active-header-links (i.e. "@vuepress/plugin-active-header-links") ...
tip Apply plugin @vuepress/search (i.e. "@vuepress/plugin-search") ...
tip Apply plugin @vuepress/nprogress (i.e. "@vuepress/plugin-nprogress") ...
tip Apply plugin vuepress-plugin-LoveMyPlugin ...
tip Apply plugin go-top (i.e. "vuepress-plugin-go-top") ...
tip Apply plugin comment-plus (i.e. "vuepress-plugin-comment-plus") ...
tip Apply plugin thirdparty-search (i.e. "vuepress-plugin-thirdparty-search") ...
tip Apply plugin fulltext-search (i.e. "vuepress-plugin-fulltext-search") ...
tip Apply plugin one-click-copy (i.e. "vuepress-plugin-one-click-copy") ...
tip Apply plugin demo-block (i.e. "vuepress-plugin-demo-block") ...
tip Apply plugin zooming (i.e. "vuepress-plugin-zooming") ...
tip Apply plugin @vuepress/last-updated (i.e. "@vuepress/plugin-last-updated") ...
tip Apply plugin custom-plugins ...
tip Apply plugin meting (i.e. "vuepress-plugin-meting") ...
√ Client: Compiled with some errors in 3.87s
csuccess [16:19:52] Build 8dedce finished in 3869 ms! ( http://localhost:8081/my-notes/ )
ci Compiling Client
Language does not exist: jsp
Language does not exist: jsp
Language does not exist: jsp
Language does not exist: jsp
Language does not exist: jsp
Language does not exist: jsp
Language does not exist: jsp
Language does not exist: jsp
Language does not exist: jsp
Language does not exist: jsp
Language does not exist: jsp
Language does not exist: jsp
Language does not exist: c++
Language does not exist: c++
Language does not exist: msyql
Language does not exist: josn
Language does not exist: jsp
Reload due to frontmatter 04.框架\21.Dubbo\04.服务发现(consumer服务引入).md
warning bad indentation of a mapping entry at line 10, column 3:
      - 服务调用 
      ^
tip Apply theme vuepress-theme-vdoing ...
tip Apply plugin container (i.e. "vuepress-plugin-container") ...
tip Apply plugin @vuepress/register-components (i.e. "@vuepress/plugin-register-components") ...
tip Apply plugin vuepress-plugin-LoveMyPlugin ...
tip Apply plugin go-top (i.e. "vuepress-plugin-go-top") ...
tip Apply plugin comment-plus (i.e. "vuepress-plugin-comment-plus") ...
tip Apply plugin thirdparty-search (i.e. "vuepress-plugin-thirdparty-search") ...
tip Apply plugin fulltext-search (i.e. "vuepress-plugin-fulltext-search") ...
tip Apply plugin one-click-copy (i.e. "vuepress-plugin-one-click-copy") ...
tip Apply plugin demo-block (i.e. "vuepress-plugin-demo-block") ...
tip Apply plugin zooming (i.e. "vuepress-plugin-zooming") ...
tip Apply plugin @vuepress/last-updated (i.e. "@vuepress/plugin-last-updated") ...
tip Apply plugin custom-plugins ...
tip Apply plugin meting (i.e. "vuepress-plugin-meting") ...
√ Client: Compiled with some errors in 13.10s
csuccess [16:20:06] Build ece2c2 finished in 13101 ms! ( http://localhost:8081/my-notes/ )
cLanguage does not exist: jsp
Language does not exist: jsp
Language does not exist: jsp
Language does not exist: jsp
Language does not exist: jsp
Language does not exist: jsp
Language does not exist: jsp
Language does not exist: jsp
Language does not exist: jsp
Language does not exist: jsp
Language does not exist: jsp
Language does not exist: jsp
Language does not exist: c++
Language does not exist: c++
Language does not exist: msyql
Language does not exist: josn
Language does not exist: jsp
i Compiling Client
[BABEL] Note: The code generator has deoptimised the styling of D:\Project\mine\my-notes\.temp\internal\siteData.js as it exceeds the max of 500KB.
√ Client: Compiled successfully in 6.92s
csuccess [16:20:25] Build 72e94d finished in 6921 ms! ( http://localhost:8081/my-notes/ )
ci Compiling Client
√ Client: Compiled successfully in 7.83s
csuccess [16:20:33] Build a2d5d7 finished in 7828 ms! ( http://localhost:8081/my-notes/ )
ci Compiling Client
√ Client: Compiled successfully in 1.99s
csuccess [16:20:35] Build f52006 finished in 1985 ms! ( http://localhost:8081/my-notes/ )
c√ Client: Compiled successfully in 1.99s
√ Client: Compiled successfully in 1.96s
csuccess [16:20:37] Build 734b2a finished in 1957 ms! ( http://localhost:8081/my-notes/ )
ci Compiling Client
√ Client: Compiled with some errors in 286.44ms
csuccess [16:20:38] Build 70e447 finished in 287 ms! ( http://localhost:8081/my-notes/ )
ci Compiling Client
Reload due to frontmatter 04.框架\21.Dubbo\07.负载均衡机制.md
tip Apply theme vuepress-theme-vdoing ...
tip Apply plugin container (i.e. "vuepress-plugin-container") ...
tip Apply plugin @vuepress/register-components (i.e. "@vuepress/plugin-register-components") ...
tip Apply plugin @vuepress/active-header-links (i.e. "@vuepress/plugin-active-header-links") ...
tip Apply plugin @vuepress/search (i.e. "@vuepress/plugin-search") ...
tip Apply plugin @vuepress/nprogress (i.e. "@vuepress/plugin-nprogress") ...
tip Apply plugin vuepress-plugin-LoveMyPlugin ...
tip Apply plugin go-top (i.e. "vuepress-plugin-go-top") ...
tip Apply plugin comment-plus (i.e. "vuepress-plugin-comment-plus") ...
tip Apply plugin thirdparty-search (i.e. "vuepress-plugin-thirdparty-search") ...
tip Apply plugin fulltext-search (i.e. "vuepress-plugin-fulltext-search") ...
tip Apply plugin one-click-copy (i.e. "vuepress-plugin-one-click-copy") ...
tip Apply plugin demo-block (i.e. "vuepress-plugin-demo-block") ...
tip Apply plugin zooming (i.e. "vuepress-plugin-zooming") ...
tip Apply plugin @vuepress/last-updated (i.e. "@vuepress/plugin-last-updated") ...
tip Apply plugin custom-plugins ...
tip Apply plugin meting (i.e. "vuepress-plugin-meting") ...
√ Client: Compiled successfully in 1.97s
csuccess [16:20:41] Build 0b9d4b finished in 1968 ms! ( http://localhost:8081/my-notes/ )
Language does not exist: jsp
Language does not exist: jsp
Language does not exist: jsp
Language does not exist: jsp
Language does not exist: jsp
Language does not exist: jsp
Language does not exist: jsp
Language does not exist: jsp
Language does not exist: jsp
Language does not exist: jsp
Language does not exist: jsp
Language does not exist: jsp
Language does not exist: c++
Language does not exist: c++
Language does not exist: msyql
Language does not exist: josn
Language does not exist: jsp
ci Compiling Client
[BABEL] Note: The code generator has deoptimised the styling of D:\Project\mine\my-notes\.temp\internal\siteData.js as it exceeds the max of 500KB.
√ Client: Compiled successfully in 9.45s
csuccess [16:21:03] Build 83abca finished in 9453 ms! ( http://localhost:8081/my-notes/ )
ci Compiling Client
√ Client: Compiled successfully in 2.45s
csuccess [16:21:06] Build ed9392 finished in 2450 ms! ( http://localhost:8081/my-notes/ )
ci Compiling Client
Reload due to frontmatter 04.框架\21.Dubbo\09.Dubbo的服务异常处理.md
tip Apply theme vuepress-theme-vdoing ...
tip Apply plugin container (i.e. "vuepress-plugin-container") ...
tip Apply plugin @vuepress/register-components (i.e. "@vuepress/plugin-register-components") ...
tip Apply plugin @vuepress/active-header-links (i.e. "@vuepress/plugin-active-header-links") ...
tip Apply plugin @vuepress/search (i.e. "@vuepress/plugin-search") ...
tip Apply plugin @vuepress/nprogress (i.e. "@vuepress/plugin-nprogress") ...
tip Apply plugin vuepress-plugin-LoveMyPlugin ...
tip Apply plugin go-top (i.e. "vuepress-plugin-go-top") ...
tip Apply plugin comment-plus (i.e. "vuepress-plugin-comment-plus") ...
tip Apply plugin thirdparty-search (i.e. "vuepress-plugin-thirdparty-search") ...
tip Apply plugin fulltext-search (i.e. "vuepress-plugin-fulltext-search") ...
tip Apply plugin one-click-copy (i.e. "vuepress-plugin-one-click-copy") ...
tip Apply plugin demo-block (i.e. "vuepress-plugin-demo-block") ...
tip Apply plugin zooming (i.e. "vuepress-plugin-zooming") ...
tip Apply plugin @vuepress/last-updated (i.e. "@vuepress/plugin-last-updated") ...
tip Apply plugin custom-plugins ...
tip Apply plugin meting (i.e. "vuepress-plugin-meting") ...
√ Client: Compiled successfully in 1.21s
csuccess [16:21:08] Build 20fe28 finished in 1214 ms! ( http://localhost:8081/my-notes/ )
cLanguage does not exist: jsp
Language does not exist: jsp
Language does not exist: jsp
Language does not exist: jsp
Language does not exist: jsp
Language does not exist: jsp
Language does not exist: jsp
Language does not exist: jsp
Language does not exist: jsp
Language does not exist: jsp
Language does not exist: jsp
Language does not exist: jsp
Language does not exist: c++
Language does not exist: c++
Language does not exist: msyql
Language does not exist: josn
Language does not exist: jsp
i Compiling Client
√ Client: Compiled successfully in 1.30s
csuccess [16:21:21] Build 719453 finished in 1303 ms! ( http://localhost:8081/my-notes/ )
ci Compiling Client
[BABEL] Note: The code generator has deoptimised the styling of D:\Project\mine\my-notes\.temp\internal\siteData.js as it exceeds the max of 500KB.
√ Client: Compiled successfully in 6.62s
csuccess [16:21:28] Build dd6070 finished in 6624 ms! ( http://localhost:8081/my-notes/ )
ci Compiling Client
√ Client: Compiled with some errors in 311.50ms
csuccess [16:21:29] Build 03b90e finished in 312 ms! ( http://localhost:8081/my-notes/ )
ci Compiling Client
Reload due to frontmatter 04.框架\22.SpringCloud\02.Eureka.md
tip Apply theme vuepress-theme-vdoing ...
tip Apply plugin container (i.e. "vuepress-plugin-container") ...
tip Apply plugin @vuepress/register-components (i.e. "@vuepress/plugin-register-components") ...
tip Apply plugin @vuepress/active-header-links (i.e. "@vuepress/plugin-active-header-links") ...
tip Apply plugin @vuepress/search (i.e. "@vuepress/plugin-search") ...
tip Apply plugin @vuepress/nprogress (i.e. "@vuepress/plugin-nprogress") ...
tip Apply plugin vuepress-plugin-LoveMyPlugin ...
tip Apply plugin go-top (i.e. "vuepress-plugin-go-top") ...
tip Apply plugin comment-plus (i.e. "vuepress-plugin-comment-plus") ...
tip Apply plugin thirdparty-search (i.e. "vuepress-plugin-thirdparty-search") ...
tip Apply plugin fulltext-search (i.e. "vuepress-plugin-fulltext-search") ...
tip Apply plugin one-click-copy (i.e. "vuepress-plugin-one-click-copy") ...
tip Apply plugin demo-block (i.e. "vuepress-plugin-demo-block") ...
tip Apply plugin zooming (i.e. "vuepress-plugin-zooming") ...
tip Apply plugin @vuepress/last-updated (i.e. "@vuepress/plugin-last-updated") ...
tip Apply plugin custom-plugins ...
tip Apply plugin meting (i.e. "vuepress-plugin-meting") ...
√ Client: Compiled successfully in 814.74ms
csuccess [16:21:30] Build f4c760 finished in 815 ms! ( http://localhost:8081/my-notes/ )
Language does not exist: jsp
Language does not exist: jsp
Language does not exist: jsp
Language does not exist: jsp
Language does not exist: jsp
Language does not exist: jsp
Language does not exist: jsp
Language does not exist: jsp
Language does not exist: jsp
Language does not exist: jsp
Language does not exist: jsp
Language does not exist: jsp
Language does not exist: c++
Language does not exist: c++
Language does not exist: msyql
Language does not exist: josn
Language does not exist: jsp
ci Compiling Client
[BABEL] Note: The code generator has deoptimised the styling of D:\Project\mine\my-notes\.temp\internal\siteData.js as it exceeds the max of 500KB.
√ Client: Compiled successfully in 6.50s
csuccess [16:21:49] Build 6682f8 finished in 6502 ms! ( http://localhost:8081/my-notes/ )
ci Compiling Client
√ Client: Compiled successfully in 477.05ms
csuccess [16:21:57] Build cc487a finished in 478 ms! ( http://localhost:8081/my-notes/ )
ci Compiling Client
Reload due to frontmatter 05.工具部署\01.Git\06.常用Git操作.md
tip Apply theme vuepress-theme-vdoing ...
tip Apply plugin container (i.e. "vuepress-plugin-container") ...
tip Apply plugin @vuepress/register-components (i.e. "@vuepress/plugin-register-components") ...
tip Apply plugin @vuepress/active-header-links (i.e. "@vuepress/plugin-active-header-links") ...
tip Apply plugin @vuepress/search (i.e. "@vuepress/plugin-search") ...
tip Apply plugin @vuepress/nprogress (i.e. "@vuepress/plugin-nprogress") ...
tip Apply plugin vuepress-plugin-LoveMyPlugin ...
tip Apply plugin go-top (i.e. "vuepress-plugin-go-top") ...
tip Apply plugin comment-plus (i.e. "vuepress-plugin-comment-plus") ...
tip Apply plugin thirdparty-search (i.e. "vuepress-plugin-thirdparty-search") ...
tip Apply plugin fulltext-search (i.e. "vuepress-plugin-fulltext-search") ...
tip Apply plugin one-click-copy (i.e. "vuepress-plugin-one-click-copy") ...
tip Apply plugin demo-block (i.e. "vuepress-plugin-demo-block") ...
tip Apply plugin zooming (i.e. "vuepress-plugin-zooming") ...
tip Apply plugin @vuepress/last-updated (i.e. "@vuepress/plugin-last-updated") ...
tip Apply plugin custom-plugins ...
tip Apply plugin meting (i.e. "vuepress-plugin-meting") ...
√ Client: Compiled successfully in 650.12ms
csuccess [16:21:58] Build ae863f finished in 651 ms! ( http://localhost:8081/my-notes/ )
Language does not exist: jsp
Language does not exist: jsp
Language does not exist: jsp
Language does not exist: jsp
Language does not exist: jsp
Language does not exist: jsp
Language does not exist: jsp
Language does not exist: jsp
Language does not exist: jsp
Language does not exist: jsp
Language does not exist: jsp
Language does not exist: jsp
Language does not exist: c++
Language does not exist: c++
Language does not exist: msyql
Language does not exist: josn
Language does not exist: jsp
ci Compiling Client
Reload due to frontmatter 05.工具部署\01.Git\06.常用Git操作.md
tip Apply theme vuepress-theme-vdoing ...
tip Apply plugin container (i.e. "vuepress-plugin-container") ...
tip Apply plugin @vuepress/register-components (i.e. "@vuepress/plugin-register-components") ...
tip Apply plugin @vuepress/active-header-links (i.e. "@vuepress/plugin-active-header-links") ...
tip Apply plugin @vuepress/search (i.e. "@vuepress/plugin-search") ...
tip Apply plugin @vuepress/nprogress (i.e. "@vuepress/plugin-nprogress") ...
tip Apply plugin vuepress-plugin-LoveMyPlugin ...
tip Apply plugin go-top (i.e. "vuepress-plugin-go-top") ...
tip Apply plugin comment-plus (i.e. "vuepress-plugin-comment-plus") ...
tip Apply plugin thirdparty-search (i.e. "vuepress-plugin-thirdparty-search") ...
tip Apply plugin fulltext-search (i.e. "vuepress-plugin-fulltext-search") ...
tip Apply plugin one-click-copy (i.e. "vuepress-plugin-one-click-copy") ...
tip Apply plugin demo-block (i.e. "vuepress-plugin-demo-block") ...
tip Apply plugin zooming (i.e. "vuepress-plugin-zooming") ...
tip Apply plugin @vuepress/last-updated (i.e. "@vuepress/plugin-last-updated") ...
tip Apply plugin custom-plugins ...
tip Apply plugin meting (i.e. "vuepress-plugin-meting") ...
[BABEL] Note: The code generator has deoptimised the styling of D:\Project\mine\my-notes\.temp\internal\siteData.js as it exceeds the max of 500KB.
√ Client: Compiled successfully in 6.13s
csuccess [16:22:18] Build 374398 finished in 6130 ms! ( http://localhost:8081/my-notes/ )
Language does not exist: jsp
Language does not exist: jsp
Language does not exist: jsp
Language does not exist: jsp
Language does not exist: jsp
Language does not exist: jsp
Language does not exist: jsp
Language does not exist: jsp
Language does not exist: jsp
Language does not exist: jsp
Language does not exist: jsp
Language does not exist: jsp
Language does not exist: c++
Language does not exist: c++
Language does not exist: msyql
Language does not exist: josn
Language does not exist: jsp
ci Compiling Client
[BABEL] Note: The code generator has deoptimised the styling of D:\Project\mine\my-notes\.temp\internal\siteData.js as it exceeds the max of 500KB.
√ Client: Compiled successfully in 5.73s
csuccess [16:22:36] Build 3f88fc finished in 5730 ms! ( http://localhost:8081/my-notes/ )
ci Compiling Client
√ Client: Compiled successfully in 880.32ms
csuccess [16:22:50] Build 368f8a finished in 881 ms! ( http://localhost:8081/my-notes/ )
ci Compiling Client
√ Client: Compiled with some errors in 275.61ms
csuccess [16:22:53] Build 03b4a3 finished in 276 ms! ( http://localhost:8081/my-notes/ )
ci Compiling Client
√ Client: Compiled successfully in 696.56ms
csuccess [16:23:01] Build 517def finished in 697 ms! ( http://localhost:8081/my-notes/ )
ci Compiling Client
√ Client: Compiled successfully in 524.95ms
csuccess [16:23:03] Build 41edb2 finished in 525 ms! ( http://localhost:8081/my-notes/ )
ci Compiling Client
√ Client: Compiled successfully in 559.47ms
csuccess [16:23:05] Build 89a351 finished in 560 ms! ( http://localhost:8081/my-notes/ )
ci Compiling Client
Reload due to frontmatter 05.工具部署\02.Linux\01.Linux笔记-软件安装基础.md
tip Apply theme vuepress-theme-vdoing ...
tip Apply plugin container (i.e. "vuepress-plugin-container") ...
tip Apply plugin @vuepress/register-components (i.e. "@vuepress/plugin-register-components") ...
tip Apply plugin @vuepress/active-header-links (i.e. "@vuepress/plugin-active-header-links") ...
tip Apply plugin @vuepress/search (i.e. "@vuepress/plugin-search") ...
tip Apply plugin @vuepress/nprogress (i.e. "@vuepress/plugin-nprogress") ...
tip Apply plugin vuepress-plugin-LoveMyPlugin ...
tip Apply plugin go-top (i.e. "vuepress-plugin-go-top") ...
tip Apply plugin comment-plus (i.e. "vuepress-plugin-comment-plus") ...
tip Apply plugin thirdparty-search (i.e. "vuepress-plugin-thirdparty-search") ...
tip Apply plugin fulltext-search (i.e. "vuepress-plugin-fulltext-search") ...
tip Apply plugin one-click-copy (i.e. "vuepress-plugin-one-click-copy") ...
tip Apply plugin demo-block (i.e. "vuepress-plugin-demo-block") ...
tip Apply plugin zooming (i.e. "vuepress-plugin-zooming") ...
tip Apply plugin @vuepress/last-updated (i.e. "@vuepress/plugin-last-updated") ...
tip Apply plugin custom-plugins ...
tip Apply plugin meting (i.e. "vuepress-plugin-meting") ...
√ Client: Compiled successfully in 696.96ms
csuccess [16:23:07] Build c66abb finished in 697 ms! ( http://localhost:8081/my-notes/ )
Language does not exist: jsp
Language does not exist: jsp
Language does not exist: jsp
Language does not exist: jsp
Language does not exist: jsp
Language does not exist: jsp
Language does not exist: jsp
Language does not exist: jsp
Language does not exist: jsp
Language does not exist: jsp
Language does not exist: jsp
Language does not exist: jsp
Language does not exist: c++
Language does not exist: c++
Language does not exist: msyql
Language does not exist: josn
Language does not exist: jsp
ci Compiling Client
Reload due to frontmatter 05.工具部署\02.Linux\01.Linux笔记-软件安装基础.md
tip Apply theme vuepress-theme-vdoing ...
tip Apply plugin container (i.e. "vuepress-plugin-container") ...
tip Apply plugin @vuepress/register-components (i.e. "@vuepress/plugin-register-components") ...
tip Apply plugin @vuepress/active-header-links (i.e. "@vuepress/plugin-active-header-links") ...
tip Apply plugin @vuepress/search (i.e. "@vuepress/plugin-search") ...
tip Apply plugin @vuepress/nprogress (i.e. "@vuepress/plugin-nprogress") ...
tip Apply plugin vuepress-plugin-LoveMyPlugin ...
tip Apply plugin go-top (i.e. "vuepress-plugin-go-top") ...
tip Apply plugin comment-plus (i.e. "vuepress-plugin-comment-plus") ...
tip Apply plugin thirdparty-search (i.e. "vuepress-plugin-thirdparty-search") ...
tip Apply plugin fulltext-search (i.e. "vuepress-plugin-fulltext-search") ...
tip Apply plugin one-click-copy (i.e. "vuepress-plugin-one-click-copy") ...
tip Apply plugin demo-block (i.e. "vuepress-plugin-demo-block") ...
tip Apply plugin zooming (i.e. "vuepress-plugin-zooming") ...
tip Apply plugin @vuepress/last-updated (i.e. "@vuepress/plugin-last-updated") ...
tip Apply plugin custom-plugins ...
tip Apply plugin meting (i.e. "vuepress-plugin-meting") ...
[BABEL] Note: The code generator has deoptimised the styling of D:\Project\mine\my-notes\.temp\internal\siteData.js as it exceeds the max of 500KB.
√ Client: Compiled successfully in 8.85s
csuccess [16:23:29] Build 95b693 finished in 8855 ms! ( http://localhost:8081/my-notes/ )
cLanguage does not exist: jsp
Language does not exist: jsp
Language does not exist: jsp
Language does not exist: jsp
Language does not exist: jsp
Language does not exist: jsp
Language does not exist: jsp
Language does not exist: jsp
Language does not exist: jsp
Language does not exist: jsp
Language does not exist: jsp
Language does not exist: jsp
Language does not exist: c++
Language does not exist: c++
Language does not exist: msyql
Language does not exist: josn
Language does not exist: jsp
i Compiling Client
√ Client: Compiled successfully in 570.23ms
csuccess [16:23:42] Build 4072fa finished in 570 ms! ( http://localhost:8081/my-notes/ )
ci Compiling Client
[BABEL] Note: The code generator has deoptimised the styling of D:\Project\mine\my-notes\.temp\internal\siteData.js as it exceeds the max of 500KB.
√ Client: Compiled successfully in 6.76s
csuccess [16:23:49] Build ed6e2d finished in 6762 ms! ( http://localhost:8081/my-notes/ )
c√ Client: Compiled successfully in 6.76s
√ Client: Compiled successfully in 332.37ms
csuccess [16:23:49] Build f4590d finished in 332 ms! ( http://localhost:8081/my-notes/ )
ci Compiling Client
Reload due to frontmatter 05.工具部署\03.Docker\02.安装.md
tip Apply theme vuepress-theme-vdoing ...
tip Apply plugin container (i.e. "vuepress-plugin-container") ...
tip Apply plugin @vuepress/register-components (i.e. "@vuepress/plugin-register-components") ...
tip Apply plugin @vuepress/active-header-links (i.e. "@vuepress/plugin-active-header-links") ...
tip Apply plugin @vuepress/search (i.e. "@vuepress/plugin-search") ...
tip Apply plugin @vuepress/nprogress (i.e. "@vuepress/plugin-nprogress") ...
tip Apply plugin vuepress-plugin-LoveMyPlugin ...
tip Apply plugin go-top (i.e. "vuepress-plugin-go-top") ...
tip Apply plugin comment-plus (i.e. "vuepress-plugin-comment-plus") ...
tip Apply plugin thirdparty-search (i.e. "vuepress-plugin-thirdparty-search") ...
tip Apply plugin fulltext-search (i.e. "vuepress-plugin-fulltext-search") ...
tip Apply plugin one-click-copy (i.e. "vuepress-plugin-one-click-copy") ...
tip Apply plugin demo-block (i.e. "vuepress-plugin-demo-block") ...
tip Apply plugin zooming (i.e. "vuepress-plugin-zooming") ...
tip Apply plugin @vuepress/last-updated (i.e. "@vuepress/plugin-last-updated") ...
tip Apply plugin custom-plugins ...
tip Apply plugin meting (i.e. "vuepress-plugin-meting") ...
√ Client: Compiled successfully in 447.46ms
csuccess [16:23:50] Build ba45ba finished in 448 ms! ( http://localhost:8081/my-notes/ )
Language does not exist: jsp
Language does not exist: jsp
Language does not exist: jsp
Language does not exist: jsp
Language does not exist: jsp
Language does not exist: jsp
Language does not exist: jsp
Language does not exist: jsp
Language does not exist: jsp
Language does not exist: jsp
Language does not exist: jsp
Language does not exist: jsp
Language does not exist: c++
Language does not exist: c++
Language does not exist: msyql
Language does not exist: josn
Language does not exist: jsp
ci Compiling Client
Reload due to frontmatter 05.工具部署\03.Docker\02.安装.md
tip Apply theme vuepress-theme-vdoing ...
tip Apply plugin container (i.e. "vuepress-plugin-container") ...
tip Apply plugin @vuepress/register-components (i.e. "@vuepress/plugin-register-components") ...
tip Apply plugin @vuepress/active-header-links (i.e. "@vuepress/plugin-active-header-links") ...
tip Apply plugin @vuepress/search (i.e. "@vuepress/plugin-search") ...
tip Apply plugin @vuepress/nprogress (i.e. "@vuepress/plugin-nprogress") ...
tip Apply plugin vuepress-plugin-LoveMyPlugin ...
tip Apply plugin go-top (i.e. "vuepress-plugin-go-top") ...
tip Apply plugin comment-plus (i.e. "vuepress-plugin-comment-plus") ...
tip Apply plugin thirdparty-search (i.e. "vuepress-plugin-thirdparty-search") ...
tip Apply plugin fulltext-search (i.e. "vuepress-plugin-fulltext-search") ...
tip Apply plugin one-click-copy (i.e. "vuepress-plugin-one-click-copy") ...
tip Apply plugin demo-block (i.e. "vuepress-plugin-demo-block") ...
tip Apply plugin zooming (i.e. "vuepress-plugin-zooming") ...
tip Apply plugin @vuepress/last-updated (i.e. "@vuepress/plugin-last-updated") ...
tip Apply plugin custom-plugins ...
tip Apply plugin meting (i.e. "vuepress-plugin-meting") ...
[BABEL] Note: The code generator has deoptimised the styling of D:\Project\mine\my-notes\.temp\internal\siteData.js as it exceeds the max of 500KB.
√ Client: Compiled successfully in 6.76s
csuccess [16:24:10] Build 8a06e4 finished in 6759 ms! ( http://localhost:8081/my-notes/ )
ci Compiling Client
Language does not exist: jsp
Language does not exist: jsp
Language does not exist: jsp
Language does not exist: jsp
Language does not exist: jsp
Language does not exist: jsp
Language does not exist: jsp
Language does not exist: jsp
Language does not exist: jsp
Language does not exist: jsp
Language does not exist: jsp
Language does not exist: jsp
Language does not exist: c++
Language does not exist: c++
Language does not exist: msyql
Language does not exist: josn
Language does not exist: jsp
√ Client: Compiled successfully in 12.60s
csuccess [16:24:23] Build efeac8 finished in 12606 ms! ( http://localhost:8081/my-notes/ )
ci Compiling Client
[BABEL] Note: The code generator has deoptimised the styling of D:\Project\mine\my-notes\.temp\internal\siteData.js as it exceeds the max of 500KB.
√ Client: Compiled successfully in 6.02s
csuccess [16:24:29] Build 43fecc finished in 6015 ms! ( http://localhost:8081/my-notes/ )
ci Compiling Client
√ Client: Compiled successfully in 1.59s
csuccess [16:24:36] Build 87bedc finished in 1589 ms! ( http://localhost:8081/my-notes/ )
ci Compiling Client
Reload due to frontmatter 05.工具部署\03.Docker\10.常用软件安装.md
tip Apply theme vuepress-theme-vdoing ...
tip Apply plugin container (i.e. "vuepress-plugin-container") ...
tip Apply plugin @vuepress/register-components (i.e. "@vuepress/plugin-register-components") ...
tip Apply plugin @vuepress/active-header-links (i.e. "@vuepress/plugin-active-header-links") ...
tip Apply plugin @vuepress/search (i.e. "@vuepress/plugin-search") ...
tip Apply plugin @vuepress/nprogress (i.e. "@vuepress/plugin-nprogress") ...
tip Apply plugin vuepress-plugin-LoveMyPlugin ...
tip Apply plugin go-top (i.e. "vuepress-plugin-go-top") ...
tip Apply plugin comment-plus (i.e. "vuepress-plugin-comment-plus") ...
tip Apply plugin thirdparty-search (i.e. "vuepress-plugin-thirdparty-search") ...
tip Apply plugin fulltext-search (i.e. "vuepress-plugin-fulltext-search") ...
tip Apply plugin one-click-copy (i.e. "vuepress-plugin-one-click-copy") ...
tip Apply plugin demo-block (i.e. "vuepress-plugin-demo-block") ...
tip Apply plugin zooming (i.e. "vuepress-plugin-zooming") ...
tip Apply plugin @vuepress/last-updated (i.e. "@vuepress/plugin-last-updated") ...
tip Apply plugin custom-plugins ...
tip Apply plugin meting (i.e. "vuepress-plugin-meting") ...
√ Client: Compiled successfully in 1.44s
csuccess [16:24:38] Build ef4a39 finished in 1441 ms! ( http://localhost:8081/my-notes/ )
Language does not exist: jsp
Language does not exist: jsp
Language does not exist: jsp
Language does not exist: jsp
Language does not exist: jsp
Language does not exist: jsp
Language does not exist: jsp
Language does not exist: jsp
Language does not exist: jsp
Language does not exist: jsp
Language does not exist: jsp
Language does not exist: jsp
Language does not exist: c++
Language does not exist: c++
Language does not exist: msyql
Language does not exist: josn
Language does not exist: jsp
ci Compiling Client
Reload due to frontmatter 05.工具部署\03.Docker\10.常用软件安装.md
tip Apply theme vuepress-theme-vdoing ...
tip Apply plugin container (i.e. "vuepress-plugin-container") ...
tip Apply plugin @vuepress/register-components (i.e. "@vuepress/plugin-register-components") ...
tip Apply plugin @vuepress/active-header-links (i.e. "@vuepress/plugin-active-header-links") ...
tip Apply plugin @vuepress/search (i.e. "@vuepress/plugin-search") ...
tip Apply plugin @vuepress/nprogress (i.e. "@vuepress/plugin-nprogress") ...
tip Apply plugin vuepress-plugin-LoveMyPlugin ...
tip Apply plugin go-top (i.e. "vuepress-plugin-go-top") ...
tip Apply plugin comment-plus (i.e. "vuepress-plugin-comment-plus") ...
tip Apply plugin thirdparty-search (i.e. "vuepress-plugin-thirdparty-search") ...
tip Apply plugin fulltext-search (i.e. "vuepress-plugin-fulltext-search") ...
tip Apply plugin one-click-copy (i.e. "vuepress-plugin-one-click-copy") ...
tip Apply plugin demo-block (i.e. "vuepress-plugin-demo-block") ...
tip Apply plugin zooming (i.e. "vuepress-plugin-zooming") ...
tip Apply plugin @vuepress/last-updated (i.e. "@vuepress/plugin-last-updated") ...
tip Apply plugin custom-plugins ...
tip Apply plugin meting (i.e. "vuepress-plugin-meting") ...
[BABEL] Note: The code generator has deoptimised the styling of D:\Project\mine\my-notes\.temp\internal\siteData.js as it exceeds the max of 500KB.
√ Client: Compiled successfully in 7.74s
csuccess [16:24:58] Build cbb2cf finished in 7737 ms! ( http://localhost:8081/my-notes/ )
cLanguage does not exist: jsp
Language does not exist: jsp
Language does not exist: jsp
Language does not exist: jsp
Language does not exist: jsp
Language does not exist: jsp
Language does not exist: jsp
Language does not exist: jsp
Language does not exist: jsp
Language does not exist: jsp
Language does not exist: jsp
Language does not exist: jsp
Language does not exist: c++
Language does not exist: c++
Language does not exist: msyql
Language does not exist: josn
Language does not exist: jsp
i Compiling Client
√ Client: Compiled successfully in 2.22s
csuccess [16:25:12] Build 7c2023 finished in 2219 ms! ( http://localhost:8081/my-notes/ )
ci Compiling Client
[BABEL] Note: The code generator has deoptimised the styling of D:\Project\mine\my-notes\.temp\internal\siteData.js as it exceeds the max of 500KB.
√ Client: Compiled successfully in 7.49s
csuccess [16:25:20] Build ffa5b9 finished in 7495 ms! ( http://localhost:8081/my-notes/ )
ci Compiling Client
√ Client: Compiled successfully in 1.14s
csuccess [16:25:28] Build 04ba74 finished in 1136 ms! ( http://localhost:8081/my-notes/ )
ci Compiling Client
Reload due to frontmatter 06.面试刷题\01.面试\01.java基础.md
tip Apply theme vuepress-theme-vdoing ...
tip Apply plugin container (i.e. "vuepress-plugin-container") ...
tip Apply plugin @vuepress/register-components (i.e. "@vuepress/plugin-register-components") ...
tip Apply plugin @vuepress/active-header-links (i.e. "@vuepress/plugin-active-header-links") ...
tip Apply plugin @vuepress/search (i.e. "@vuepress/plugin-search") ...
tip Apply plugin @vuepress/nprogress (i.e. "@vuepress/plugin-nprogress") ...
tip Apply plugin vuepress-plugin-LoveMyPlugin ...
tip Apply plugin go-top (i.e. "vuepress-plugin-go-top") ...
tip Apply plugin comment-plus (i.e. "vuepress-plugin-comment-plus") ...
tip Apply plugin thirdparty-search (i.e. "vuepress-plugin-thirdparty-search") ...
tip Apply plugin fulltext-search (i.e. "vuepress-plugin-fulltext-search") ...
tip Apply plugin one-click-copy (i.e. "vuepress-plugin-one-click-copy") ...
tip Apply plugin demo-block (i.e. "vuepress-plugin-demo-block") ...
tip Apply plugin zooming (i.e. "vuepress-plugin-zooming") ...
tip Apply plugin @vuepress/last-updated (i.e. "@vuepress/plugin-last-updated") ...
tip Apply plugin custom-plugins ...
tip Apply plugin meting (i.e. "vuepress-plugin-meting") ...
√ Client: Compiled successfully in 1.26s
csuccess [16:25:30] Build ad4c18 finished in 1262 ms! ( http://localhost:8081/my-notes/ )
Language does not exist: jsp
Language does not exist: jsp
Language does not exist: jsp
Language does not exist: jsp
Language does not exist: jsp
Language does not exist: jsp
Language does not exist: jsp
Language does not exist: jsp
Language does not exist: jsp
Language does not exist: jsp
Language does not exist: jsp
Language does not exist: jsp
Language does not exist: c++
Language does not exist: c++
Language does not exist: msyql
Language does not exist: josn
Language does not exist: jsp
ci Compiling Client
[BABEL] Note: The code generator has deoptimised the styling of D:\Project\mine\my-notes\.temp\internal\siteData.js as it exceeds the max of 500KB.
√ Client: Compiled successfully in 7.33s
csuccess [16:25:51] Build b2b46b finished in 7330 ms! ( http://localhost:8081/my-notes/ )
ci Compiling Client
√ Client: Compiled successfully in 772.60ms
csuccess [16:25:52] Build bb1cd4 finished in 773 ms! ( http://localhost:8081/my-notes/ )
ci Compiling Client
√ Client: Compiled with some errors in 250.21ms
csuccess [16:25:52] Build 4b3401 finished in 250 ms! ( http://localhost:8081/my-notes/ )
ci Compiling Client
√ Client: Compiled with some errors in 243.89ms
csuccess [16:25:54] Build a231f9 finished in 244 ms! ( http://localhost:8081/my-notes/ )
ci Compiling Client
Reload due to frontmatter 06.面试刷题\01.面试\02.操作系统.md
tip Apply theme vuepress-theme-vdoing ...
tip Apply plugin container (i.e. "vuepress-plugin-container") ...
tip Apply plugin @vuepress/register-components (i.e. "@vuepress/plugin-register-components") ...
tip Apply plugin @vuepress/active-header-links (i.e. "@vuepress/plugin-active-header-links") ...
tip Apply plugin @vuepress/search (i.e. "@vuepress/plugin-search") ...
tip Apply plugin @vuepress/nprogress (i.e. "@vuepress/plugin-nprogress") ...
tip Apply plugin vuepress-plugin-LoveMyPlugin ...
tip Apply plugin go-top (i.e. "vuepress-plugin-go-top") ...
tip Apply plugin comment-plus (i.e. "vuepress-plugin-comment-plus") ...
tip Apply plugin thirdparty-search (i.e. "vuepress-plugin-thirdparty-search") ...
tip Apply plugin fulltext-search (i.e. "vuepress-plugin-fulltext-search") ...
tip Apply plugin one-click-copy (i.e. "vuepress-plugin-one-click-copy") ...
tip Apply plugin demo-block (i.e. "vuepress-plugin-demo-block") ...
tip Apply plugin zooming (i.e. "vuepress-plugin-zooming") ...
tip Apply plugin @vuepress/last-updated (i.e. "@vuepress/plugin-last-updated") ...
tip Apply plugin custom-plugins ...
tip Apply plugin meting (i.e. "vuepress-plugin-meting") ...
√ Client: Compiled successfully in 748.96ms
csuccess [16:25:56] Build 7ac434 finished in 749 ms! ( http://localhost:8081/my-notes/ )
Language does not exist: jsp
Language does not exist: jsp
Language does not exist: jsp
Language does not exist: jsp
Language does not exist: jsp
Language does not exist: jsp
Language does not exist: jsp
Language does not exist: jsp
Language does not exist: jsp
Language does not exist: jsp
Language does not exist: jsp
Language does not exist: jsp
Language does not exist: c++
Language does not exist: c++
Language does not exist: msyql
Language does not exist: josn
Language does not exist: jsp
ci Compiling Client
Reload due to frontmatter 06.面试刷题\01.面试\02.操作系统.md
tip Apply theme vuepress-theme-vdoing ...
tip Apply plugin container (i.e. "vuepress-plugin-container") ...
tip Apply plugin @vuepress/register-components (i.e. "@vuepress/plugin-register-components") ...
tip Apply plugin @vuepress/active-header-links (i.e. "@vuepress/plugin-active-header-links") ...
tip Apply plugin @vuepress/search (i.e. "@vuepress/plugin-search") ...
tip Apply plugin @vuepress/nprogress (i.e. "@vuepress/plugin-nprogress") ...
tip Apply plugin vuepress-plugin-LoveMyPlugin ...
tip Apply plugin go-top (i.e. "vuepress-plugin-go-top") ...
tip Apply plugin comment-plus (i.e. "vuepress-plugin-comment-plus") ...
tip Apply plugin thirdparty-search (i.e. "vuepress-plugin-thirdparty-search") ...
tip Apply plugin fulltext-search (i.e. "vuepress-plugin-fulltext-search") ...
tip Apply plugin one-click-copy (i.e. "vuepress-plugin-one-click-copy") ...
tip Apply plugin demo-block (i.e. "vuepress-plugin-demo-block") ...
tip Apply plugin zooming (i.e. "vuepress-plugin-zooming") ...
tip Apply plugin @vuepress/last-updated (i.e. "@vuepress/plugin-last-updated") ...
tip Apply plugin custom-plugins ...
tip Apply plugin meting (i.e. "vuepress-plugin-meting") ...
[BABEL] Note: The code generator has deoptimised the styling of D:\Project\mine\my-notes\.temp\internal\siteData.js as it exceeds the max of 500KB.
√ Client: Compiled successfully in 6.93s
csuccess [16:26:16] Build a03245 finished in 6935 ms! ( http://localhost:8081/my-notes/ )
cLanguage does not exist: jsp
Language does not exist: jsp
Language does not exist: jsp
Language does not exist: jsp
Language does not exist: jsp
Language does not exist: jsp
Language does not exist: jsp
Language does not exist: jsp
Language does not exist: jsp
Language does not exist: jsp
Language does not exist: jsp
Language does not exist: jsp
Language does not exist: c++
Language does not exist: c++
Language does not exist: msyql
Language does not exist: josn
Language does not exist: jsp
i Compiling Client
√ Client: Compiled successfully in 1.00s
csuccess [16:26:29] Build eac0ee finished in 1006 ms! ( http://localhost:8081/my-notes/ )
ci Compiling Client
[BABEL] Note: The code generator has deoptimised the styling of D:\Project\mine\my-notes\.temp\internal\siteData.js as it exceeds the max of 500KB.
√ Client: Compiled successfully in 6.52s
csuccess [16:26:36] Build 1e3d92 finished in 6524 ms! ( http://localhost:8081/my-notes/ )
c√ Client: Compiled successfully in 6.52s
√ Client: Compiled successfully in 1.35s
csuccess [16:26:38] Build 5c1b23 finished in 1348 ms! ( http://localhost:8081/my-notes/ )
ci Compiling Client
√ Client: Compiled successfully in 1.12s
csuccess [16:26:39] Build 348890 finished in 1121 ms! ( http://localhost:8081/my-notes/ )
ci Compiling Client
√ Client: Compiled with some errors in 235.44ms
csuccess [16:26:41] Build 661423 finished in 235 ms! ( http://localhost:8081/my-notes/ )
ci Compiling Client
Reload due to frontmatter 06.面试刷题\01.面试\04.框架.md
tip Apply theme vuepress-theme-vdoing ...
tip Apply plugin container (i.e. "vuepress-plugin-container") ...
tip Apply plugin @vuepress/register-components (i.e. "@vuepress/plugin-register-components") ...
tip Apply plugin @vuepress/active-header-links (i.e. "@vuepress/plugin-active-header-links") ...
tip Apply plugin @vuepress/search (i.e. "@vuepress/plugin-search") ...
tip Apply plugin @vuepress/nprogress (i.e. "@vuepress/plugin-nprogress") ...
tip Apply plugin vuepress-plugin-LoveMyPlugin ...
tip Apply plugin go-top (i.e. "vuepress-plugin-go-top") ...
tip Apply plugin comment-plus (i.e. "vuepress-plugin-comment-plus") ...
tip Apply plugin thirdparty-search (i.e. "vuepress-plugin-thirdparty-search") ...
tip Apply plugin fulltext-search (i.e. "vuepress-plugin-fulltext-search") ...
tip Apply plugin one-click-copy (i.e. "vuepress-plugin-one-click-copy") ...
tip Apply plugin demo-block (i.e. "vuepress-plugin-demo-block") ...
tip Apply plugin zooming (i.e. "vuepress-plugin-zooming") ...
tip Apply plugin @vuepress/last-updated (i.e. "@vuepress/plugin-last-updated") ...
tip Apply plugin custom-plugins ...
tip Apply plugin meting (i.e. "vuepress-plugin-meting") ...
√ Client: Compiled successfully in 1.28s
csuccess [16:26:46] Build fb892e finished in 1280 ms! ( http://localhost:8081/my-notes/ )
cLanguage does not exist: jsp
Language does not exist: jsp
Language does not exist: jsp
Language does not exist: jsp
Language does not exist: jsp
Language does not exist: jsp
Language does not exist: jsp
Language does not exist: jsp
Language does not exist: jsp
Language does not exist: jsp
Language does not exist: jsp
Language does not exist: jsp
Language does not exist: c++
Language does not exist: c++
Language does not exist: msyql
Language does not exist: josn
Language does not exist: jsp
i Compiling Client
Reload due to frontmatter 06.面试刷题\01.面试\04.框架.md
warning bad indentation of a sequence entry at line 11, column 9:
        tags:
            ^
tip Apply theme vuepress-theme-vdoing ...
tip Apply plugin container (i.e. "vuepress-plugin-container") ...
tip Apply plugin @vuepress/register-components (i.e. "@vuepress/plugin-register-components") ...
tip Apply plugin vuepress-plugin-LoveMyPlugin ...
tip Apply plugin go-top (i.e. "vuepress-plugin-go-top") ...
tip Apply plugin comment-plus (i.e. "vuepress-plugin-comment-plus") ...
tip Apply plugin thirdparty-search (i.e. "vuepress-plugin-thirdparty-search") ...
tip Apply plugin fulltext-search (i.e. "vuepress-plugin-fulltext-search") ...
tip Apply plugin one-click-copy (i.e. "vuepress-plugin-one-click-copy") ...
tip Apply plugin demo-block (i.e. "vuepress-plugin-demo-block") ...
tip Apply plugin zooming (i.e. "vuepress-plugin-zooming") ...
tip Apply plugin @vuepress/last-updated (i.e. "@vuepress/plugin-last-updated") ...
tip Apply plugin custom-plugins ...
tip Apply plugin meting (i.e. "vuepress-plugin-meting") ...
√ Client: Compiled successfully in 3.73s
csuccess [16:27:00] Build f29379 finished in 3734 ms! ( http://localhost:8081/my-notes/ )
cLanguage does not exist: jsp
Language does not exist: jsp
Language does not exist: jsp
Language does not exist: jsp
Language does not exist: jsp
Language does not exist: jsp
Language does not exist: jsp
Language does not exist: jsp
Language does not exist: jsp
Language does not exist: jsp
Language does not exist: jsp
Language does not exist: jsp
Language does not exist: c++
Language does not exist: c++
Language does not exist: msyql
i Compiling Client
Language does not exist: josn
Language does not exist: jsp
(node:35108) UnhandledPromiseRejectionWarning: YAMLException: bad indentation of a sequence entry at line 10, column 9:
        tags:
            ^
    at generateError (D:\Project\mine\my-notes\node_modules\_js-yaml@3.14.1@js-yaml\lib\js-yaml\loader.js:167:10)
    at throwError (D:\Project\mine\my-notes\node_modules\_js-yaml@3.14.1@js-yaml\lib\js-yaml\loader.js:173:9)
    at readBlockSequence (D:\Project\mine\my-notes\node_modules\_js-yaml@3.14.1@js-yaml\lib\js-yaml\loader.js:962:7)
    at composeNode (D:\Project\mine\my-notes\node_modules\_js-yaml@3.14.1@js-yaml\lib\js-yaml\loader.js:1358:12)
    at readBlockMapping (D:\Project\mine\my-notes\node_modules\_js-yaml@3.14.1@js-yaml\lib\js-yaml\loader.js:1089:11)
    at composeNode (D:\Project\mine\my-notes\node_modules\_js-yaml@3.14.1@js-yaml\lib\js-yaml\loader.js:1359:12)
    at readDocument (D:\Project\mine\my-notes\node_modules\_js-yaml@3.14.1@js-yaml\lib\js-yaml\loader.js:1525:3)
    at loadDocuments (D:\Project\mine\my-notes\node_modules\_js-yaml@3.14.1@js-yaml\lib\js-yaml\loader.js:1588:5)
    at load (D:\Project\mine\my-notes\node_modules\_js-yaml@3.14.1@js-yaml\lib\js-yaml\loader.js:1614:19)
    at Object.safeLoad (D:\Project\mine\my-notes\node_modules\_js-yaml@3.14.1@js-yaml\lib\js-yaml\loader.js:1637:10)
    at module.exports (D:\Project\mine\my-notes\node_modules\_gray-matter@4.0.3@gray-matter\lib\parse.js:12:17)
    at parseMatter (D:\Project\mine\my-notes\node_modules\_gray-matter@4.0.3@gray-matter\index.js:109:17)
    at matter (D:\Project\mine\my-notes\node_modules\_gray-matter@4.0.3@gray-matter\index.js:50:10)
    at parseFrontmatter (D:\Project\mine\my-notes\node_modules\_@vuepress_shared-utils@1.9.7@@vuepress\shared-utils\lib\parseFrontmatter.js:8:38)
    at Page.process (D:\Project\mine\my-notes\node_modules\_@vuepress_core@1.9.7@@vuepress\core\lib\node\Page.js:106:44)
    at async App.addPage (D:\Project\mine\my-notes\node_modules\_@vuepress_core@1.9.7@@vuepress\core\lib\node\App.js:354:5)
(node:35108) UnhandledPromiseRejectionWarning: Unhandled promise rejection. This error originated either by throwing inside of an async function without a catch block, or by rejecting a promise which was not handled with .catch(). To terminate the node process on unhandled promise rejection, use the CLI flag `--unhandled-rejections=strict` (see https://nodejs.org/api/cli.html#cli_unhandled_rejections_mode). (rejection id: 3)
√ Client: Compiled successfully in 12.59s
csuccess [16:27:17] Build 1a8661 finished in 12594 ms! ( http://localhost:8081/my-notes/ )
ci Compiling Client
√ Client: Compiled successfully in 153.73ms
csuccess [16:27:17] Build 809938 finished in 155 ms! ( http://localhost:8081/my-notes/ )
i Compiling Client
√ Client: Compiled with some errors in 104.87ms
csuccess [16:33:11] Build e9a104 finished in 105 ms! ( http://localhost:8081/my-notes/ )
^C